<?xml version="1.0" encoding="UTF-8"?>
<testsuite name="com.jojoldu.book.springboot.web.dto.IndexControllerTest" tests="1" skipped="0" failures="0" errors="0" timestamp="2020-09-03T13:49:44" hostname="/0:0:0:0:0:0:0:1%lo" time="0.428">
  <properties/>
  <testcase name="메인페이지_로딩" classname="com.jojoldu.book.springboot.web.dto.IndexControllerTest" time="0.428"/>
  <system-out><![CDATA[2020-09-03 22:49:40.226  INFO 4463 --- [    Test worker] .b.t.c.SpringBootTestContextBootstrapper : Neither @ContextConfiguration nor @ContextHierarchy found for test class [com.jojoldu.book.springboot.web.dto.IndexControllerTest], using SpringBootContextLoader
2020-09-03 22:49:40.229  INFO 4463 --- [    Test worker] o.s.t.c.support.AbstractContextLoader    : Could not detect default resource locations for test class [com.jojoldu.book.springboot.web.dto.IndexControllerTest]: no resource found for suffixes {-context.xml, Context.groovy}.
2020-09-03 22:49:40.229  INFO 4463 --- [    Test worker] t.c.s.AnnotationConfigContextLoaderUtils : Could not detect default configuration classes for test class [com.jojoldu.book.springboot.web.dto.IndexControllerTest]: IndexControllerTest does not declare any static, non-private, non-final, nested classes annotated with @Configuration.
2020-09-03 22:49:40.249  INFO 4463 --- [    Test worker] .b.t.c.SpringBootTestContextBootstrapper : Found @SpringBootConfiguration com.jojoldu.book.springboot.Application for test class com.jojoldu.book.springboot.web.dto.IndexControllerTest
2020-09-03 22:49:40.254  INFO 4463 --- [    Test worker] .b.t.c.SpringBootTestContextBootstrapper : Loaded default TestExecutionListener class names from location [META-INF/spring.factories]: [org.springframework.security.test.context.support.WithSecurityContextTestExecutionListener, org.springframework.security.test.context.support.ReactorContextTestExecutionListener, org.springframework.boot.test.autoconfigure.restdocs.RestDocsTestExecutionListener, org.springframework.boot.test.autoconfigure.web.client.MockRestServiceServerResetTestExecutionListener, org.springframework.boot.test.autoconfigure.web.servlet.MockMvcPrintOnlyOnFailureTestExecutionListener, org.springframework.boot.test.autoconfigure.web.servlet.WebDriverTestExecutionListener, org.springframework.boot.test.mock.mockito.MockitoTestExecutionListener, org.springframework.boot.test.mock.mockito.ResetMocksTestExecutionListener, org.springframework.test.context.web.ServletTestExecutionListener, org.springframework.test.context.support.DirtiesContextBeforeModesTestExecutionListener, org.springframework.test.context.support.DependencyInjectionTestExecutionListener, org.springframework.test.context.support.DirtiesContextTestExecutionListener, org.springframework.test.context.transaction.TransactionalTestExecutionListener, org.springframework.test.context.jdbc.SqlScriptsTestExecutionListener, org.springframework.test.context.event.EventPublishingTestExecutionListener]
2020-09-03 22:49:40.255  INFO 4463 --- [    Test worker] .b.t.c.SpringBootTestContextBootstrapper : Using TestExecutionListeners: [org.springframework.test.context.web.ServletTestExecutionListener@7545f356, org.springframework.test.context.support.DirtiesContextBeforeModesTestExecutionListener@7daeb79f, org.springframework.boot.test.mock.mockito.MockitoTestExecutionListener@1b4b1ced, org.springframework.boot.test.autoconfigure.SpringBootDependencyInjectionTestExecutionListener@79d2c2f9, org.springframework.test.context.support.DirtiesContextTestExecutionListener@235741d6, org.springframework.test.context.transaction.TransactionalTestExecutionListener@2bcd086c, org.springframework.test.context.jdbc.SqlScriptsTestExecutionListener@68a2d58c, org.springframework.security.test.context.support.WithSecurityContextTestExecutionListener@708076b, org.springframework.test.context.event.EventPublishingTestExecutionListener@1e48bfad, org.springframework.security.test.context.support.ReactorContextTestExecutionListener@5d854a60, org.springframework.boot.test.autoconfigure.restdocs.RestDocsTestExecutionListener@2375eae9, org.springframework.boot.test.autoconfigure.web.client.MockRestServiceServerResetTestExecutionListener@648182b3, org.springframework.boot.test.autoconfigure.web.servlet.MockMvcPrintOnlyOnFailureTestExecutionListener@3feffc59, org.springframework.boot.test.autoconfigure.web.servlet.WebDriverTestExecutionListener@48ce678e, org.springframework.boot.test.mock.mockito.ResetMocksTestExecutionListener@4460fedc]

  .   ____          _            __ _ _
 /\\ / ___'_ __ _ _(_)_ __  __ _ \ \ \ \
( ( )\___ | '_ | '_| | '_ \/ _` | \ \ \ \
 \\/  ___)| |_)| | | | | || (_| |  ) ) ) )
  '  |____| .__|_| |_|_| |_\__, | / / / /
 =========|_|==============|___/=/_/_/_/
 :: Spring Boot ::        (v2.2.1.RELEASE)

2020-09-03 22:49:40.319  INFO 4463 --- [    Test worker] c.j.b.s.web.dto.IndexControllerTest      : Starting IndexControllerTest with PID 4463 (started by ec2-user in /home/ec2-user/app/step2/freelecspringboot-webservice)
2020-09-03 22:49:40.319  INFO 4463 --- [    Test worker] c.j.b.s.web.dto.IndexControllerTest      : No active profile set, falling back to default profiles: default
2020-09-03 22:49:40.715  INFO 4463 --- [    Test worker] .s.d.r.c.RepositoryConfigurationDelegate : Bootstrapping Spring Data repositories in DEFAULT mode.
2020-09-03 22:49:40.744  INFO 4463 --- [    Test worker] .s.d.r.c.RepositoryConfigurationDelegate : Finished Spring Data repository scanning in 24ms. Found 2 repository interfaces.
2020-09-03 22:49:40.976  INFO 4463 --- [    Test worker] trationDelegate$BeanPostProcessorChecker : Bean 'org.springframework.transaction.annotation.ProxyTransactionManagementConfiguration' of type [org.springframework.transaction.annotation.ProxyTransactionManagementConfiguration] is not eligible for getting processed by all BeanPostProcessors (for example: not eligible for auto-proxying)
2020-09-03 22:49:41.449  INFO 4463 --- [    Test worker] o.s.b.w.embedded.tomcat.TomcatWebServer  : Tomcat initialized with port(s): 0 (http)
2020-09-03 22:49:41.478  INFO 4463 --- [    Test worker] o.apache.catalina.core.StandardService   : Starting service [Tomcat]
2020-09-03 22:49:41.478  INFO 4463 --- [    Test worker] org.apache.catalina.core.StandardEngine  : Starting Servlet engine: [Apache Tomcat/9.0.27]
2020-09-03 22:49:41.721  INFO 4463 --- [    Test worker] o.a.c.c.C.[Tomcat].[localhost].[/]       : Initializing Spring embedded WebApplicationContext
2020-09-03 22:49:41.726  INFO 4463 --- [    Test worker] o.s.web.context.ContextLoader            : Root WebApplicationContext: initialization completed in 1404 ms
2020-09-03 22:49:41.799  INFO 4463 --- [    Test worker] com.zaxxer.hikari.HikariDataSource       : HikariPool-2 - Starting...
2020-09-03 22:49:41.801  INFO 4463 --- [    Test worker] com.zaxxer.hikari.HikariDataSource       : HikariPool-2 - Start completed.
2020-09-03 22:49:41.801  INFO 4463 --- [    Test worker] o.s.b.a.h2.H2ConsoleAutoConfiguration    : H2 console available at '/h2-console'. Database available at 'jdbc:h2:mem:testdb'
2020-09-03 22:49:42.033  INFO 4463 --- [    Test worker] o.hibernate.jpa.internal.util.LogHelper  : HHH000204: Processing PersistenceUnitInfo [name: default]
2020-09-03 22:49:42.045  INFO 4463 --- [    Test worker] org.hibernate.dialect.Dialect            : HHH000400: Using dialect: org.hibernate.dialect.MySQL5InnoDBDialect
Hibernate: drop table if exists posts
Hibernate: drop table if exists user
Hibernate: create table posts (id bigint not null auto_increment, created_date datetime, modify_date datetime, author varchar(255), content TEXT not null, title varchar(500) not null, primary key (id)) engine=InnoDB
Hibernate: create table user (id bigint not null auto_increment, created_date datetime, modify_date datetime, email varchar(255) not null, name varchar(255) not null, picture varchar(255), role varchar(255) not null, primary key (id)) engine=InnoDB
2020-09-03 22:49:42.176  INFO 4463 --- [    Test worker] o.h.e.t.j.p.i.JtaPlatformInitiator       : HHH000490: Using JtaPlatform implementation: [org.hibernate.engine.transaction.jta.platform.internal.NoJtaPlatform]
2020-09-03 22:49:42.182  INFO 4463 --- [    Test worker] j.LocalContainerEntityManagerFactoryBean : Initialized JPA EntityManagerFactory for persistence unit 'default'
2020-09-03 22:49:42.688  WARN 4463 --- [    Test worker] JpaBaseConfiguration$JpaWebConfiguration : spring.jpa.open-in-view is enabled by default. Therefore, database queries may be performed during view rendering. Explicitly configure spring.jpa.open-in-view to disable this warning
2020-09-03 22:49:43.222  INFO 4463 --- [    Test worker] o.s.s.web.DefaultSecurityFilterChain     : Creating filter chain: any request, [org.springframework.security.web.context.request.async.WebAsyncManagerIntegrationFilter@e0dd187, org.springframework.security.web.context.SecurityContextPersistenceFilter@93a0be6, org.springframework.security.web.header.HeaderWriterFilter@62cf868b, org.springframework.security.web.authentication.logout.LogoutFilter@183409c, org.springframework.security.oauth2.client.web.OAuth2AuthorizationRequestRedirectFilter@6873f62f, org.springframework.security.oauth2.client.web.OAuth2LoginAuthenticationFilter@5975a960, org.springframework.security.web.authentication.ui.DefaultLoginPageGeneratingFilter@271b2418, org.springframework.security.web.authentication.ui.DefaultLogoutPageGeneratingFilter@363324a4, org.springframework.security.web.savedrequest.RequestCacheAwareFilter@58f4a94, org.springframework.security.web.servletapi.SecurityContextHolderAwareRequestFilter@1b6a6f70, org.springframework.security.web.authentication.AnonymousAuthenticationFilter@41067ec3, org.springframework.security.web.session.SessionManagementFilter@30e18580, org.springframework.security.web.access.ExceptionTranslationFilter@870893c, org.springframework.security.web.access.intercept.FilterSecurityInterceptor@2f12f290]
2020-09-03 22:49:43.508  INFO 4463 --- [    Test worker] o.s.s.concurrent.ThreadPoolTaskExecutor  : Initializing ExecutorService 'applicationTaskExecutor'
2020-09-03 22:49:43.577  INFO 4463 --- [    Test worker] o.s.b.a.w.s.WelcomePageHandlerMapping    : Adding welcome page template: index
2020-09-03 22:49:43.955  INFO 4463 --- [    Test worker] s.a.ScheduledAnnotationBeanPostProcessor : No TaskScheduler/ScheduledExecutorService bean found for scheduled processing
2020-09-03 22:49:44.011  INFO 4463 --- [    Test worker] o.s.b.w.embedded.tomcat.TomcatWebServer  : Tomcat started on port(s): 40317 (http) with context path ''
2020-09-03 22:49:44.012  INFO 4463 --- [    Test worker] c.j.b.s.web.dto.IndexControllerTest      : Started IndexControllerTest in 3.752 seconds (JVM running for 21.848)
2020-09-03 22:49:44.233  INFO 4463 --- [o-auto-1-exec-1] o.a.c.c.C.[Tomcat].[localhost].[/]       : Initializing Spring DispatcherServlet 'dispatcherServlet'
2020-09-03 22:49:44.234  INFO 4463 --- [o-auto-1-exec-1] o.s.web.servlet.DispatcherServlet        : Initializing Servlet 'dispatcherServlet'
2020-09-03 22:49:44.251  INFO 4463 --- [o-auto-1-exec-1] o.s.web.servlet.DispatcherServlet        : Completed initialization in 14 ms
Hibernate: select posts0_.id as id1_0_, posts0_.created_date as created_2_0_, posts0_.modify_date as modify_d3_0_, posts0_.author as author4_0_, posts0_.content as content5_0_, posts0_.title as title6_0_ from posts posts0_ order by posts0_.id DESC
===============<!DOCTYPE HTML>
<html>
<head>
    <title>스프링부트 웹서비스</title>
    <meta http-equiv="Content-Type" content="text/html; charset=UTF-8">
</head>
<body>
    <!DOCTYPE HTML>
<html>
<head>
    <title>스프링부트 웹서비스</title>
    <meta http-equiv="Content-Type" content="text/html; charset=UTF-8">
    <link rel="stylesheet" href="https://stackpath.bootstrapcdn.com/bootstrap/4.3.1/css/bootstrap.min.css">
</head>
<body>
</body>
</html>
    <h1>스프링 부트로 시작하는 웹 서비스</h1>
    <div class="col-md-12">
        <div class="row">
            <div class="col-md-6">
                <a href="/posts/save" role="button"
                            class="btn btn-primary">글등록</a>
                    <a href="/oauth2/authorization/google"
                       class="btn btn-success active" role="button">
                        Google Login
                    </a>
                    <a href="/oauth2/authorization/naver"
                       class="btn btn-success active" role="button">
                        Naver Login
                    </a>
            </div>
        </div>
        <br>
        <!-- 목록출력영역 -->
        <table class= "table table-horizontal table-bordered">
            <thead class="thead-strong">
            <tr>
                <th>게시글번호</th>
                <th>제목</th>
                <th>작성자</th>
                <th>종수정일 </th>
            </tr>
            </thead >
            <tbody id="tbody">
            </tbody>
        </table >
        </div >
    <!DOCTYPE HTML>
<html>
<head>
    <title>스프링부트 웹서비스</title>
    <meta http-equiv="Content-Type" content="text/html; charset=UTF-8">
</head>
<body>
<script src ="https://code.jquery.com/jquery-3.3.1.min.js"></script>
<script src ="https://stackpath.bootstrapcdn.com/bootstrap/4.3.1/js/bootstrap.min.js"></script>
<!-- index.js추가 -->
<script src = "/js/app/index.js"></script>
</body>
</html>
</body>
</html>
]]></system-out>
  <system-err><![CDATA[]]></system-err>
</testsuite>
