<?xml version="1.0" encoding="UTF-8"?>
<testsuite name="com.jojoldu.book.springboot.HelloControllerTest" tests="2" skipped="0" failures="0" errors="0" timestamp="2020-09-06T14:20:14" hostname="/0:0:0:0:0:0:0:1%lo" time="0.327">
  <properties/>
  <testcase name="helloDto_return" classname="com.jojoldu.book.springboot.HelloControllerTest" time="0.301"/>
  <testcase name="hello_will_be_return" classname="com.jojoldu.book.springboot.HelloControllerTest" time="0.024"/>
  <system-out><![CDATA[2020-09-06 23:20:12.760  INFO 11400 --- [    Test worker] .b.t.a.w.s.WebMvcTestContextBootstrapper : Neither @ContextConfiguration nor @ContextHierarchy found for test class [com.jojoldu.book.springboot.HelloControllerTest], using SpringBootContextLoader
2020-09-06 23:20:12.768  INFO 11400 --- [    Test worker] o.s.t.c.support.AbstractContextLoader    : Could not detect default resource locations for test class [com.jojoldu.book.springboot.HelloControllerTest]: no resource found for suffixes {-context.xml, Context.groovy}.
2020-09-06 23:20:12.768  INFO 11400 --- [    Test worker] t.c.s.AnnotationConfigContextLoaderUtils : Could not detect default configuration classes for test class [com.jojoldu.book.springboot.HelloControllerTest]: HelloControllerTest does not declare any static, non-private, non-final, nested classes annotated with @Configuration.
2020-09-06 23:20:12.801  INFO 11400 --- [    Test worker] .b.t.c.SpringBootTestContextBootstrapper : Found @SpringBootConfiguration com.jojoldu.book.springboot.Application for test class com.jojoldu.book.springboot.HelloControllerTest
2020-09-06 23:20:12.807  INFO 11400 --- [    Test worker] .b.t.a.w.s.WebMvcTestContextBootstrapper : Loaded default TestExecutionListener class names from location [META-INF/spring.factories]: [org.springframework.security.test.context.support.WithSecurityContextTestExecutionListener, org.springframework.security.test.context.support.ReactorContextTestExecutionListener, org.springframework.boot.test.autoconfigure.restdocs.RestDocsTestExecutionListener, org.springframework.boot.test.autoconfigure.web.client.MockRestServiceServerResetTestExecutionListener, org.springframework.boot.test.autoconfigure.web.servlet.MockMvcPrintOnlyOnFailureTestExecutionListener, org.springframework.boot.test.autoconfigure.web.servlet.WebDriverTestExecutionListener, org.springframework.boot.test.mock.mockito.MockitoTestExecutionListener, org.springframework.boot.test.mock.mockito.ResetMocksTestExecutionListener, org.springframework.test.context.web.ServletTestExecutionListener, org.springframework.test.context.support.DirtiesContextBeforeModesTestExecutionListener, org.springframework.test.context.support.DependencyInjectionTestExecutionListener, org.springframework.test.context.support.DirtiesContextTestExecutionListener, org.springframework.test.context.transaction.TransactionalTestExecutionListener, org.springframework.test.context.jdbc.SqlScriptsTestExecutionListener, org.springframework.test.context.event.EventPublishingTestExecutionListener]
2020-09-06 23:20:12.811  INFO 11400 --- [    Test worker] .b.t.a.w.s.WebMvcTestContextBootstrapper : Using TestExecutionListeners: [org.springframework.test.context.web.ServletTestExecutionListener@3d21549f, org.springframework.test.context.support.DirtiesContextBeforeModesTestExecutionListener@63d2db08, org.springframework.boot.test.mock.mockito.MockitoTestExecutionListener@c3c6beb, org.springframework.boot.test.autoconfigure.SpringBootDependencyInjectionTestExecutionListener@13162d47, org.springframework.test.context.support.DirtiesContextTestExecutionListener@24240616, org.springframework.test.context.transaction.TransactionalTestExecutionListener@515b8301, org.springframework.test.context.jdbc.SqlScriptsTestExecutionListener@3ed7c9f2, org.springframework.security.test.context.support.WithSecurityContextTestExecutionListener@1c09a77a, org.springframework.test.context.event.EventPublishingTestExecutionListener@1899165b, org.springframework.security.test.context.support.ReactorContextTestExecutionListener@15d7ddc2, org.springframework.boot.test.autoconfigure.restdocs.RestDocsTestExecutionListener@15cf1ed3, org.springframework.boot.test.autoconfigure.web.client.MockRestServiceServerResetTestExecutionListener@442c4967, org.springframework.boot.test.autoconfigure.web.servlet.MockMvcPrintOnlyOnFailureTestExecutionListener@14d7a477, org.springframework.boot.test.autoconfigure.web.servlet.WebDriverTestExecutionListener@3f4542e2, org.springframework.boot.test.mock.mockito.ResetMocksTestExecutionListener@5291fa5f]

  .   ____          _            __ _ _
 /\\ / ___'_ __ _ _(_)_ __  __ _ \ \ \ \
( ( )\___ | '_ | '_| | '_ \/ _` | \ \ \ \
 \\/  ___)| |_)| | | | | || (_| |  ) ) ) )
  '  |____| .__|_| |_|_| |_\__, | / / / /
 =========|_|==============|___/=/_/_/_/
 :: Spring Boot ::        (v2.2.1.RELEASE)

2020-09-06 23:20:12.883  INFO 11400 --- [    Test worker] c.j.book.springboot.HelloControllerTest  : Starting HelloControllerTest with PID 11400 (started by ec2-user in /home/ec2-user/freelecspringboot-webservice)
2020-09-06 23:20:12.884  INFO 11400 --- [    Test worker] c.j.book.springboot.HelloControllerTest  : No active profile set, falling back to default profiles: default
2020-09-06 23:20:13.738  INFO 11400 --- [    Test worker] o.s.s.concurrent.ThreadPoolTaskExecutor  : Initializing ExecutorService 'applicationTaskExecutor'
2020-09-06 23:20:13.802  INFO 11400 --- [    Test worker] o.s.b.a.w.s.WelcomePageHandlerMapping    : Adding welcome page template: index
2020-09-06 23:20:14.161  INFO 11400 --- [    Test worker] .s.s.UserDetailsServiceAutoConfiguration : 

Using generated security password: f621aaae-94f5-4679-9d2d-22c8e12a3a96

2020-09-06 23:20:14.414  INFO 11400 --- [    Test worker] o.s.s.web.DefaultSecurityFilterChain     : Creating filter chain: any request, [org.springframework.security.web.context.request.async.WebAsyncManagerIntegrationFilter@4514a826, org.springframework.security.web.context.SecurityContextPersistenceFilter@7424e50a, org.springframework.security.web.header.HeaderWriterFilter@4b6cafc, org.springframework.security.web.csrf.CsrfFilter@7ef705dc, org.springframework.security.web.authentication.logout.LogoutFilter@76f97824, org.springframework.security.web.authentication.UsernamePasswordAuthenticationFilter@51de3143, org.springframework.security.web.authentication.ui.DefaultLoginPageGeneratingFilter@1351362c, org.springframework.security.web.authentication.ui.DefaultLogoutPageGeneratingFilter@527efc20, org.springframework.security.web.authentication.www.BasicAuthenticationFilter@4d064635, org.springframework.security.web.savedrequest.RequestCacheAwareFilter@2c149e8d, org.springframework.security.web.servletapi.SecurityContextHolderAwareRequestFilter@1ec740d9, org.springframework.security.web.authentication.AnonymousAuthenticationFilter@2d363fb4, org.springframework.security.web.session.SessionManagementFilter@4229e653, org.springframework.security.web.access.ExceptionTranslationFilter@7b846d9e, org.springframework.security.web.access.intercept.FilterSecurityInterceptor@71c06b56]
2020-09-06 23:20:14.504  INFO 11400 --- [    Test worker] o.s.b.t.m.w.SpringBootMockServletContext : Initializing Spring TestDispatcherServlet ''
2020-09-06 23:20:14.510  INFO 11400 --- [    Test worker] o.s.t.web.servlet.TestDispatcherServlet  : Initializing Servlet ''
2020-09-06 23:20:14.527  INFO 11400 --- [    Test worker] o.s.t.web.servlet.TestDispatcherServlet  : Completed initialization in 16 ms
2020-09-06 23:20:14.564  INFO 11400 --- [    Test worker] c.j.book.springboot.HelloControllerTest  : Started HelloControllerTest in 1.748 seconds (JVM running for 17.559)
]]></system-out>
  <system-err><![CDATA[]]></system-err>
</testsuite>
